title ...Back to Main Menu\n
find --set-root /HBCD/menu.lst
configfile /HBCD/menu.lst

#title Windows Xp Setup\nXp Setup does NOT work from USB, Workaround: Run MiniXp/HBCDMenu/Other/WinNTSetup
#find --set-root /I386/SETUPLDR.BIN
#chainloader /I386/SETUPLDR.BIN

#title Windows Vista/7 Setup (Loads BOOTMGR)
#find --set-root /bootmgr
#chainloader /bootmgr

title AVG Rescue CD (Anti-Virus + Anti-Spyware)
find --set-root /iso/avg.iso
map /iso/avg.iso (hd32)
map --hook
chainloader (hd32)

title Parted Magic 5.10 (Gparted & CloneZilla)
find --set-root /iso/pmagic-5.10.iso
map --heads=0 --sectors-per-track=0 /iso/pmagic-5.10.iso (0xff)
map --hook
root (0xff)
chainloader (0xff)

title RIPLinux 13.7
find --set-root /iso/RIPLinuX-13.7.iso
map --heads=0 --sectors-per-track=0 /iso/RIPLinuX-13.7.iso (0xff)
map --hook
root (0xff)
chainloader (0xff)

title ...Back to Main Menu\n
find --set-root /HBCD/menu.lst
configfile /HBCD/menu.lst
